--------------------------------------------
--------------------------------------------
--------------------------------------------
--------------------------------------------
Experiment saved to: experiments/testing/metric_learn_gcd/log/(04.04.2023_|_42.740)
['metric_learn_gcd']
Namespace(batch_size=128, num_workers=16, eval_funcs=['v1', 'v2'], warmup_model_dir=None, model_name='vit_dino', dataset_name='cifar10', prop_train_labels=0.5, use_ssb_splits=True, grad_from_block=11, lr=0.1, save_best_thresh=None, gamma=0.1, momentum=0.9, weight_decay=5e-05, epochs=200, exp_root='experiments/testing/', transform='imagenet', seed=1, base_model='vit_dino', temperature=1.0, sup_con_weight=0.35, n_views=2, contrast_unlabel_only=False, image_size=32, train_classes=range(0, 5), unlabeled_classes=range(5, 10), num_labeled_classes=5, num_unlabeled_classes=5, cuda=True, log_dir='experiments/testing/metric_learn_gcd/log/(04.04.2023_|_42.740)', model_dir='experiments/testing/metric_learn_gcd/log/(04.04.2023_|_42.740)/checkpoints', model_path='experiments/testing/metric_learn_gcd/log/(04.04.2023_|_42.740)/checkpoints/model.pt', writer=<torch.utils.tensorboard.writer.SummaryWriter object at 0x151f986cb7f0>)
Using evaluation function v1 to print results
--------------------------------------------
--------------------------------------------
--------------------------------------------
--------------------------------------------
--------------------------------------------
--------------------------------------------
--------------------------------------------
--------------------------------------------
Train Epoch: 0 Avg Loss: 4.4673 | Seen Class Acc: 0.3492 
Testing on unlabelled examples in the training data...
Collating features...
Fitting K-Means...
Done!
Testing on disjoint test set...
Collating features...
Fitting K-Means...
Done!
Train Accuracies: All 0.6851 | Old 0.8464 | New 0.6044
Test Accuracies: All 0.7279 | Old 0.8464 | New 0.6094
model saved to experiments/testing/metric_learn_gcd/log/(04.04.2023_|_42.740)/checkpoints/model.pt.
projection head saved to experiments/testing/metric_learn_gcd/log/(04.04.2023_|_42.740)/checkpoints/model_proj_head.pt.
Best ACC on old Classes on disjoint test set: 0.8464...
Best Train Accuracies: All 0.6851 | Old 0.8464 | New 0.6044
model saved to experiments/testing/metric_learn_gcd/log/(04.04.2023_|_42.740)/checkpoints/model_best.pt.
projection head saved to experiments/testing/metric_learn_gcd/log/(04.04.2023_|_42.740)/checkpoints/model_proj_head_best.pt.
